Info) VMD for WIN32, version 1.9.3 (November 30, 2016)
Info) http://www.ks.uiuc.edu/Research/vmd/                         
Info) Email questions and bug reports to vmd@ks.uiuc.edu           
Info) Please include this reference in published work using VMD:   
Info)    Humphrey, W., Dalke, A. and Schulten, K., `VMD - Visual   
Info)    Molecular Dynamics', J. Molec. Graphics 1996, 14.1, 33-38.
Info) -------------------------------------------------------------
Info) Multithreading available, 8 CPUs detected.
Info) Free system memory: 4095MB (100%)
Info) Creating CUDA device pool and initializing hardware...
Info) Detected 1 available CUDA accelerator:
Info) [0] GeForce MX350       5 SM_6.1 @ 0.94 GHz, 2.0GB RAM, KTO, AE5, ZCP
Info) No joysticks found.  Joystick interface disabled.
Info) Dynamically loaded 75 plugins in directory:
Info) C:/Program Files (x86)/University of Illinois/VMD/plugins/WIN32/molfile
1.6.4
psfgen) clearing structure, preserving topology and aliases
psfgen) reading topology file top_1_25.rtf

psfgen) >>>>>>>>CHARMM36 All-Hydrogen Topology File for Proteins <<<<<<
psfgen) >>>>> Includes phi, psi cross term map (CMAP) correction <<<<<<<
psfgen) >>>>>>>>>>>>>>>>>>>>>>>>>> May 2011 <<<<<<<<<<<<<<<<<<<<<<<<<<<<
psfgen)  All comments to the CHARMM web site: www.charmm.org
psfgen)              parameter set discussion forum
psfgen) 
psfgen) Created by CHARMM version 36 1
psfgen) cross-term entries present in topology definitions
Info) Using plugin pdb for structure file 1_packmol.pdb
Info) Using plugin pdb for coordinates from file 1_packmol.pdb
Info) Determining bond structure from distance search ...
Info) Analyzing structure ...
Info)    Atoms: 1086
Info)    Bonds: 1494
Info)    Angles: 0  Dihedrals: 0  Impropers: 0  Cross-terms: 0
Info)    Bondtypes: 0  Angletypes: 0  Dihedraltypes: 0  Impropertypes: 0
Info)    Residues: 55
Info)    Waters: 0
Info)    Segments: 2
Info)    Fragments: 2   Protein: 1   Nucleic: 0
Info) Finished with coordinate file 1_packmol.pdb.
0
atomselect0
0 1
0
Info) Opened coordinate file 0.pdb for writing.
Info) Finished with coordinate file 0.pdb.
psfgen) building segment 0
psfgen) reading residues from pdb file 0.pdb
psfgen) extracted 35 residues from pdb file
psfgen) Info: generating structure...psfgen) Info: skipping improper N-C-CA-HN at beginning of segment.
psfgen) Info: skipping cross-term C-N-CA-C-N-CA-C-N at beginning of segment.
psfgen) Info: skipping conformation C-N-CA-C at beginning of segment.
psfgen) Info: skipping conformation C-CA-N-HN at beginning of segment.
psfgen) Info: skipping bond C-N at end of segment.
psfgen) Info: skipping improper C-CA-N-O at end of segment.
psfgen) Info: skipping cross-term C-N-CA-C-N-CA-C-N at end of segment.
psfgen) Info: skipping conformation CA-C-N-CA at end of segment.
psfgen) Info: skipping conformation N-CA-C-O at end of segment.
psfgen) Info: skipping conformation N-CA-C-N at end of segment.
segment complete.
psfgen) reading coordinates from pdb file 0.pdb for segment 0
psfgen) Warning: failed to set coordinate for atom H	 LYS:98	  0
psfgen) Warning: failed to set coordinate for atom H	 GLU:99	  0
psfgen) Warning: failed to set coordinate for atom H	 THR:100	  0
psfgen) Warning: failed to set coordinate for atom H	 MET:101	  0
psfgen) Warning: failed to set coordinate for atom H	 GLN:102	  0
psfgen) Warning: failed to set coordinate for atom HE22	 GLN:102	  0
psfgen) Warning: failed to set coordinate for atom H	 SER:103	  0
psfgen) Warning: failed to set coordinate for atom HG	 SER:103	  0
psfgen) Warning: failed to set coordinate for atom H	 LEU:104	  0
psfgen) Warning: failed to set coordinate for atom H	 ASN:105	  0
psfgen) Warning: failed to set coordinate for atom HD22	 ASN:105	  0
psfgen) Warning: failed to set coordinate for atom H	 ASP:106	  0
psfgen) Warning: failed to set coordinate for atom H	 ARG:107	  0
psfgen) Warning: failed to set coordinate for atom HH22	 ARG:107	  0
psfgen) Warning: failed to set coordinate for atom H	 LEU:108	  0
psfgen) Warning: failed to set coordinate for atom H	 ALA:109	  0
psfgen) Warning: failed to set coordinate for atom H	 GLY:110	  0
psfgen) Warning: failed to set coordinate for atom H	 TYR:111	  0
psfgen) Warning: failed to set coordinate for atom H	 LEU:112	  0
psfgen) Warning: failed to set coordinate for atom H	 GLU:113	  0
psfgen) Warning: failed to set coordinate for atom H	 LYS:114	  0
psfgen) Warning: failed to set coordinate for atom H	 VAL:115	  0
psfgen) Warning: failed to set coordinate for atom H	 ARG:116	  0
psfgen) Warning: failed to set coordinate for atom HH22	 ARG:116	  0
psfgen) Warning: failed to set coordinate for atom H	 GLN:117	  0
psfgen) Warning: failed to set coordinate for atom HE22	 GLN:117	  0
psfgen) Warning: failed to set coordinate for atom H	 LEU:118	  0
psfgen) Warning: failed to set coordinate for atom H	 GLU:119	  0
psfgen) Warning: failed to set coordinate for atom H	 GLN:120	  0
psfgen) Warning: failed to set coordinate for atom HE22	 GLN:120	  0
psfgen) Warning: failed to set coordinate for atom H	 GLU:121	  0
psfgen) Warning: failed to set coordinate for atom H	 ASN:122	  0
psfgen) Warning: failed to set coordinate for atom HD22	 ASN:122	  0
psfgen) Warning: failed to set coordinate for atom H	 ALA:123	  0
psfgen) Warning: failed to set coordinate for atom H	 SER:124	  0
psfgen) Warning: failed to set coordinate for atom HG	 SER:124	  0
psfgen) Warning: failed to set coordinate for atom H	 LEU:125	  0
psfgen) Warning: failed to set coordinate for atom H	 GLU:126	  0
psfgen) Warning: failed to set coordinate for atom H	 SER:127	  0
psfgen) Warning: failed to set coordinate for atom HG	 SER:127	  0
psfgen) Warning: failed to set coordinate for atom H	 ARG:128	  0
psfgen) Warning: failed to set coordinate for atom HH22	 ARG:128	  0
psfgen) Warning: failed to set coordinate for atom H	 ILE:129	  0
psfgen) Warning: failed to set coordinate for atom H	 ARG:130	  0
psfgen) Warning: failed to set coordinate for atom HH22	 ARG:130	  0
psfgen) Warning: failed to set coordinate for atom H	 GLU:131	  0
psfgen) Warning: failed to set coordinate for atom H	 TRP:132	  0
psfgen) Warning: failed to set coordinate for atom O	 TRP:132	  0
psfgen) Info: guessing coordinates for 351 atoms (51 non-hydrogen)
psfgen) Warning: poorly guessed coordinates for 86 atoms (38 non-hydrogen):
psfgen) Warning: poorly guessed coordinate for atom HT1	 LYS:98	  0
psfgen) Warning: poorly guessed coordinate for atom HT2	 LYS:98	  0
psfgen) Warning: poorly guessed coordinate for atom HT3	 LYS:98	  0
psfgen) Warning: poorly guessed coordinate for atom O3	 GLN:102	  0
psfgen) Warning: poorly guessed coordinate for atom C6	 GLN:102	  0
psfgen) Warning: poorly guessed coordinate for atom C7	 GLN:102	  0
psfgen) Warning: poorly guessed coordinate for atom H8	 GLN:102	  0
psfgen) Warning: poorly guessed coordinate for atom H9	 GLN:102	  0
psfgen) Warning: poorly guessed coordinate for atom C8	 GLN:102	  0
psfgen) Warning: poorly guessed coordinate for atom H10	 GLN:102	  0
psfgen) Warning: poorly guessed coordinate for atom H11	 GLN:102	  0
psfgen) Warning: poorly guessed coordinate for atom H12	 GLN:102	  0
psfgen) Warning: poorly guessed coordinate for atom C6	 ASN:105	  0
psfgen) Warning: poorly guessed coordinate for atom C8	 ASN:105	  0
psfgen) Warning: poorly guessed coordinate for atom H10	 ASN:105	  0
psfgen) Warning: poorly guessed coordinate for atom H11	 ASN:105	  0
psfgen) Warning: poorly guessed coordinate for atom H12	 ASN:105	  0
psfgen) Warning: poorly guessed coordinate for atom C7	 ASN:105	  0
psfgen) Warning: poorly guessed coordinate for atom H8	 ASN:105	  0
psfgen) Warning: poorly guessed coordinate for atom H9	 ASN:105	  0
psfgen) Warning: poorly guessed coordinate for atom O3	 ASN:105	  0
psfgen) Warning: poorly guessed coordinate for atom C6	 ARG:107	  0
psfgen) Warning: poorly guessed coordinate for atom C8	 ARG:107	  0
psfgen) Warning: poorly guessed coordinate for atom H10	 ARG:107	  0
psfgen) Warning: poorly guessed coordinate for atom H11	 ARG:107	  0
psfgen) Warning: poorly guessed coordinate for atom H12	 ARG:107	  0
psfgen) Warning: poorly guessed coordinate for atom O3	 ARG:107	  0
psfgen) Warning: poorly guessed coordinate for atom C7	 ARG:107	  0
psfgen) Warning: poorly guessed coordinate for atom H8	 ARG:107	  0
psfgen) Warning: poorly guessed coordinate for atom H9	 ARG:107	  0
psfgen) Warning: poorly guessed coordinate for atom C6	 ARG:116	  0
psfgen) Warning: poorly guessed coordinate for atom C8	 ARG:116	  0
psfgen) Warning: poorly guessed coordinate for atom H10	 ARG:116	  0
psfgen) Warning: poorly guessed coordinate for atom H11	 ARG:116	  0
psfgen) Warning: poorly guessed coordinate for atom H12	 ARG:116	  0
psfgen) Warning: poorly guessed coordinate for atom O3	 ARG:116	  0
psfgen) Warning: poorly guessed coordinate for atom C7	 ARG:116	  0
psfgen) Warning: poorly guessed coordinate for atom H8	 ARG:116	  0
psfgen) Warning: poorly guessed coordinate for atom H9	 ARG:116	  0
psfgen) Warning: poorly guessed coordinate for atom O3	 GLN:117	  0
psfgen) Warning: poorly guessed coordinate for atom C6	 GLN:117	  0
psfgen) Warning: poorly guessed coordinate for atom C7	 GLN:117	  0
psfgen) Warning: poorly guessed coordinate for atom H8	 GLN:117	  0
psfgen) Warning: poorly guessed coordinate for atom H9	 GLN:117	  0
psfgen) Warning: poorly guessed coordinate for atom C8	 GLN:117	  0
psfgen) Warning: poorly guessed coordinate for atom H10	 GLN:117	  0
psfgen) Warning: poorly guessed coordinate for atom H11	 GLN:117	  0
psfgen) Warning: poorly guessed coordinate for atom H12	 GLN:117	  0
psfgen) Warning: poorly guessed coordinate for atom O3	 GLN:120	  0
psfgen) Warning: poorly guessed coordinate for atom C6	 GLN:120	  0
psfgen) Warning: poorly guessed coordinate for atom C7	 GLN:120	  0
psfgen) Warning: poorly guessed coordinate for atom H8	 GLN:120	  0
psfgen) Warning: poorly guessed coordinate for atom H9	 GLN:120	  0
psfgen) Warning: poorly guessed coordinate for atom C8	 GLN:120	  0
psfgen) Warning: poorly guessed coordinate for atom H10	 GLN:120	  0
psfgen) Warning: poorly guessed coordinate for atom H11	 GLN:120	  0
psfgen) Warning: poorly guessed coordinate for atom H12	 GLN:120	  0
psfgen) Warning: poorly guessed coordinate for atom C6	 ASN:122	  0
psfgen) Warning: poorly guessed coordinate for atom C8	 ASN:122	  0
psfgen) Warning: poorly guessed coordinate for atom H10	 ASN:122	  0
psfgen) Warning: poorly guessed coordinate for atom H11	 ASN:122	  0
psfgen) Warning: poorly guessed coordinate for atom H12	 ASN:122	  0
psfgen) Warning: poorly guessed coordinate for atom C7	 ASN:122	  0
psfgen) Warning: poorly guessed coordinate for atom H8	 ASN:122	  0
psfgen) Warning: poorly guessed coordinate for atom H9	 ASN:122	  0
psfgen) Warning: poorly guessed coordinate for atom O3	 ASN:122	  0
psfgen) Warning: poorly guessed coordinate for atom C6	 ARG:128	  0
psfgen) Warning: poorly guessed coordinate for atom C8	 ARG:128	  0
psfgen) Warning: poorly guessed coordinate for atom H10	 ARG:128	  0
psfgen) Warning: poorly guessed coordinate for atom H11	 ARG:128	  0
psfgen) Warning: poorly guessed coordinate for atom H12	 ARG:128	  0
psfgen) Warning: poorly guessed coordinate for atom O3	 ARG:128	  0
psfgen) Warning: poorly guessed coordinate for atom C7	 ARG:128	  0
psfgen) Warning: poorly guessed coordinate for atom H8	 ARG:128	  0
psfgen) Warning: poorly guessed coordinate for atom H9	 ARG:128	  0
psfgen) Warning: poorly guessed coordinate for atom C6	 ARG:130	  0
psfgen) Warning: poorly guessed coordinate for atom C8	 ARG:130	  0
psfgen) Warning: poorly guessed coordinate for atom H10	 ARG:130	  0
psfgen) Warning: poorly guessed coordinate for atom H11	 ARG:130	  0
psfgen) Warning: poorly guessed coordinate for atom H12	 ARG:130	  0
psfgen) Warning: poorly guessed coordinate for atom O3	 ARG:130	  0
psfgen) Warning: poorly guessed coordinate for atom C7	 ARG:130	  0
psfgen) Warning: poorly guessed coordinate for atom H8	 ARG:130	  0
psfgen) Warning: poorly guessed coordinate for atom H9	 ARG:130	  0
psfgen) Warning: poorly guessed coordinate for atom OT1	 TRP:132	  0
psfgen) Warning: poorly guessed coordinate for atom OT2	 TRP:132	  0
psfgen) regenerating all angles
psfgen) regenerating all dihedrals
1
Info) Opened coordinate file 1.pdb for writing.
Info) Finished with coordinate file 1.pdb.
psfgen) building segment 1
psfgen) reading residues from pdb file 1.pdb
psfgen) extracted 20 residues from pdb file
psfgen) Info: generating structure...psfgen) Info: skipping bond C3-O1 at end of segment.
segment complete.
psfgen) reading coordinates from pdb file 1.pdb for segment 1
psfgen) Warning: failed to set coordinate for atom C15	 HSE:6	  1
psfgen) Warning: failed to set coordinate for atom C16	 HSE:6	  1
psfgen) Warning: failed to set coordinate for atom C18	 HSE:6	  1
psfgen) Warning: failed to set coordinate for atom H110	 HSE:6	  1
psfgen) Warning: failed to set coordinate for atom H111	 HSE:6	  1
psfgen) Warning: failed to set coordinate for atom H112	 HSE:6	  1
psfgen) Warning: failed to set coordinate for atom O13	 HSE:6	  1
psfgen) Warning: failed to set coordinate for atom C17	 HSE:6	  1
psfgen) Warning: failed to set coordinate for atom H18	 HSE:6	  1
psfgen) Warning: failed to set coordinate for atom H19	 HSE:6	  1
psfgen) Info: guessing coordinates for 352 atoms (51 non-hydrogen)
psfgen) Warning: poorly guessed coordinates for 87 atoms (38 non-hydrogen):
psfgen) Warning: poorly guessed coordinate for atom HT1	 LYS:98	  0
psfgen) Warning: poorly guessed coordinate for atom HT2	 LYS:98	  0
psfgen) Warning: poorly guessed coordinate for atom HT3	 LYS:98	  0
psfgen) Warning: poorly guessed coordinate for atom O3	 GLN:102	  0
psfgen) Warning: poorly guessed coordinate for atom C6	 GLN:102	  0
psfgen) Warning: poorly guessed coordinate for atom C7	 GLN:102	  0
psfgen) Warning: poorly guessed coordinate for atom H8	 GLN:102	  0
psfgen) Warning: poorly guessed coordinate for atom H9	 GLN:102	  0
psfgen) Warning: poorly guessed coordinate for atom C8	 GLN:102	  0
psfgen) Warning: poorly guessed coordinate for atom H10	 GLN:102	  0
psfgen) Warning: poorly guessed coordinate for atom H11	 GLN:102	  0
psfgen) Warning: poorly guessed coordinate for atom H12	 GLN:102	  0
psfgen) Warning: poorly guessed coordinate for atom C6	 ASN:105	  0
psfgen) Warning: poorly guessed coordinate for atom C8	 ASN:105	  0
psfgen) Warning: poorly guessed coordinate for atom H10	 ASN:105	  0
psfgen) Warning: poorly guessed coordinate for atom H11	 ASN:105	  0
psfgen) Warning: poorly guessed coordinate for atom H12	 ASN:105	  0
psfgen) Warning: poorly guessed coordinate for atom C7	 ASN:105	  0
psfgen) Warning: poorly guessed coordinate for atom H8	 ASN:105	  0
psfgen) Warning: poorly guessed coordinate for atom H9	 ASN:105	  0
psfgen) Warning: poorly guessed coordinate for atom O3	 ASN:105	  0
psfgen) Warning: poorly guessed coordinate for atom C6	 ARG:107	  0
psfgen) Warning: poorly guessed coordinate for atom C8	 ARG:107	  0
psfgen) Warning: poorly guessed coordinate for atom H10	 ARG:107	  0
psfgen) Warning: poorly guessed coordinate for atom H11	 ARG:107	  0
psfgen) Warning: poorly guessed coordinate for atom H12	 ARG:107	  0
psfgen) Warning: poorly guessed coordinate for atom O3	 ARG:107	  0
psfgen) Warning: poorly guessed coordinate for atom C7	 ARG:107	  0
psfgen) Warning: poorly guessed coordinate for atom H8	 ARG:107	  0
psfgen) Warning: poorly guessed coordinate for atom H9	 ARG:107	  0
psfgen) Warning: poorly guessed coordinate for atom C6	 ARG:116	  0
psfgen) Warning: poorly guessed coordinate for atom C8	 ARG:116	  0
psfgen) Warning: poorly guessed coordinate for atom H10	 ARG:116	  0
psfgen) Warning: poorly guessed coordinate for atom H11	 ARG:116	  0
psfgen) Warning: poorly guessed coordinate for atom H12	 ARG:116	  0
psfgen) Warning: poorly guessed coordinate for atom O3	 ARG:116	  0
psfgen) Warning: poorly guessed coordinate for atom C7	 ARG:116	  0
psfgen) Warning: poorly guessed coordinate for atom H8	 ARG:116	  0
psfgen) Warning: poorly guessed coordinate for atom H9	 ARG:116	  0
psfgen) Warning: poorly guessed coordinate for atom O3	 GLN:117	  0
psfgen) Warning: poorly guessed coordinate for atom C6	 GLN:117	  0
psfgen) Warning: poorly guessed coordinate for atom C7	 GLN:117	  0
psfgen) Warning: poorly guessed coordinate for atom H8	 GLN:117	  0
psfgen) Warning: poorly guessed coordinate for atom H9	 GLN:117	  0
psfgen) Warning: poorly guessed coordinate for atom C8	 GLN:117	  0
psfgen) Warning: poorly guessed coordinate for atom H10	 GLN:117	  0
psfgen) Warning: poorly guessed coordinate for atom H11	 GLN:117	  0
psfgen) Warning: poorly guessed coordinate for atom H12	 GLN:117	  0
psfgen) Warning: poorly guessed coordinate for atom O3	 GLN:120	  0
psfgen) Warning: poorly guessed coordinate for atom C6	 GLN:120	  0
psfgen) Warning: poorly guessed coordinate for atom C7	 GLN:120	  0
psfgen) Warning: poorly guessed coordinate for atom H8	 GLN:120	  0
psfgen) Warning: poorly guessed coordinate for atom H9	 GLN:120	  0
psfgen) Warning: poorly guessed coordinate for atom C8	 GLN:120	  0
psfgen) Warning: poorly guessed coordinate for atom H10	 GLN:120	  0
psfgen) Warning: poorly guessed coordinate for atom H11	 GLN:120	  0
psfgen) Warning: poorly guessed coordinate for atom H12	 GLN:120	  0
psfgen) Warning: poorly guessed coordinate for atom C6	 ASN:122	  0
psfgen) Warning: poorly guessed coordinate for atom C8	 ASN:122	  0
psfgen) Warning: poorly guessed coordinate for atom H10	 ASN:122	  0
psfgen) Warning: poorly guessed coordinate for atom H11	 ASN:122	  0
psfgen) Warning: poorly guessed coordinate for atom H12	 ASN:122	  0
psfgen) Warning: poorly guessed coordinate for atom C7	 ASN:122	  0
psfgen) Warning: poorly guessed coordinate for atom H8	 ASN:122	  0
psfgen) Warning: poorly guessed coordinate for atom H9	 ASN:122	  0
psfgen) Warning: poorly guessed coordinate for atom O3	 ASN:122	  0
psfgen) Warning: poorly guessed coordinate for atom C6	 ARG:128	  0
psfgen) Warning: poorly guessed coordinate for atom C8	 ARG:128	  0
psfgen) Warning: poorly guessed coordinate for atom H10	 ARG:128	  0
psfgen) Warning: poorly guessed coordinate for atom H11	 ARG:128	  0
psfgen) Warning: poorly guessed coordinate for atom H12	 ARG:128	  0
psfgen) Warning: poorly guessed coordinate for atom O3	 ARG:128	  0
psfgen) Warning: poorly guessed coordinate for atom C7	 ARG:128	  0
psfgen) Warning: poorly guessed coordinate for atom H8	 ARG:128	  0
psfgen) Warning: poorly guessed coordinate for atom H9	 ARG:128	  0
psfgen) Warning: poorly guessed coordinate for atom C6	 ARG:130	  0
psfgen) Warning: poorly guessed coordinate for atom C8	 ARG:130	  0
psfgen) Warning: poorly guessed coordinate for atom H10	 ARG:130	  0
psfgen) Warning: poorly guessed coordinate for atom H11	 ARG:130	  0
psfgen) Warning: poorly guessed coordinate for atom H12	 ARG:130	  0
psfgen) Warning: poorly guessed coordinate for atom O3	 ARG:130	  0
psfgen) Warning: poorly guessed coordinate for atom C7	 ARG:130	  0
psfgen) Warning: poorly guessed coordinate for atom H8	 ARG:130	  0
psfgen) Warning: poorly guessed coordinate for atom H9	 ARG:130	  0
psfgen) Warning: poorly guessed coordinate for atom OT1	 TRP:132	  0
psfgen) Warning: poorly guessed coordinate for atom OT2	 TRP:132	  0
psfgen) Warning: poorly guessed coordinate for atom H2	 HSE:6	  1
psfgen) regenerating all angles
psfgen) regenerating all dihedrals
psfgen) Info: writing pdb file 2_autopsf.pdb
psfgen) Info: Atoms with guessed coordinates will have occupancy of 0.0.
psfgen) Info: pdb file complete.
psfgen) Info: writing psf file 2_autopsf.psf
psfgen) total of 1380 atoms
psfgen) total of 1401 bonds
psfgen) total of 2531 angles
psfgen) total of 3642 dihedrals
psfgen) total of 121 impropers
psfgen) total of 0 explicit exclusions
psfgen) Structure requires EXTended PSF format
psfgen) total of 33 cross-terms
psfgen) Info: psf file complete.
psfgen) clearing structure, preserving topology and aliases
Info) VMD for WIN32, version 1.9.3 (November 30, 2016)
Info) Exiting normally.
vmd > 0:132 
0:98 
1:20 
1:1 
